<?xml version="1.0" encoding="UTF-8"?>
<!-- Generated by org.testng.reporters.JUnitReportReporter -->
<testsuite skipped="0" hostname="LAPTOP-K3JTPNJJ" name="com.qa.usgtd.test.HomePageTest" tests="1" failures="0" timestamp="13 Mar 2019 18:41:33 GMT" time="18.423" errors="0">
  <testcase name="verifySearchMkt" time="18.423" classname="com.qa.usgtd.test.HomePageTest"/>
</testsuite> <!-- com.qa.usgtd.test.HomePageTest -->
