<?xml version="1.0" encoding="UTF-8"?>
<!-- Generated by org.testng.reporters.JUnitReportReporter -->
<testsuite skipped="0" hostname="LAPTOP-K3JTPNJJ" name="com.qa.usgtd.test.LoginPageTest" tests="1" failures="0" timestamp="13 Mar 2019 14:38:38 GMT" time="30.821" errors="0">
  <testcase name="loginTest" time="30.821" classname="com.qa.usgtd.test.LoginPageTest"/>
</testsuite> <!-- com.qa.usgtd.test.LoginPageTest -->
