<?xml version="1.0" encoding="UTF-8"?>
<!-- Generated by org.testng.reporters.JUnitReportReporter -->
<testsuite skipped="0" hostname="LAPTOP-K3JTPNJJ" name="com.qa.usgtd.test.SearchStockPageTest" tests="1" failures="0" timestamp="19 Mar 2019 14:23:44 GMT" time="46.856" errors="0">
  <testcase name="verifySelectTicker" time="46.856" classname="com.qa.usgtd.test.SearchStockPageTest"/>
</testsuite> <!-- com.qa.usgtd.test.SearchStockPageTest -->
