<?xml version="1.0" encoding="UTF-8"?>
<!-- Generated by org.testng.reporters.JUnitReportReporter -->
<testsuite skipped="0" hostname="LAPTOP-K3JTPNJJ" name="com.qa.usgtd.test.OrderEntryPageTest" tests="2" failures="0" timestamp="26 Mar 2019 19:13:43 GMT" time="65.308" errors="0">
  <testcase name="verifyOrderEntry" time="34.929" classname="com.qa.usgtd.test.OrderEntryPageTest"/>
  <testcase name="verifyOrderEntry" time="30.379" classname="com.qa.usgtd.test.OrderEntryPageTest"/>
</testsuite> <!-- com.qa.usgtd.test.OrderEntryPageTest -->
